{"ts":"2019-03-03 20:11:44.282+0300","ip":"0:0:0:0:0:0:0:1","rid":"noRequestId","status":200,"cache":"-","time":324,"method":"GET","uri":"/api/todos"}
{"ts":"2019-03-03 20:11:54.976+0300","ip":"0:0:0:0:0:0:0:1","rid":"noRequestId","status":200,"cache":"-","time":297,"method":"POST","uri":"/api/todos"}
{"ts":"2019-03-03 20:12:09.661+0300","ip":"0:0:0:0:0:0:0:1","rid":"noRequestId","status":200,"cache":"-","time":72,"method":"GET","uri":"/api/todos"}
{"ts":"2019-03-03 20:12:18.044+0300","ip":"0:0:0:0:0:0:0:1","rid":"noRequestId","status":200,"cache":"-","time":41,"method":"POST","uri":"/api/todos"}
{"ts":"2019-03-03 20:12:20.821+0300","ip":"0:0:0:0:0:0:0:1","rid":"noRequestId","status":200,"cache":"-","time":52,"method":"GET","uri":"/api/todos"}
{"ts":"2019-03-03 20:34:34.142+0300","ip":"0:0:0:0:0:0:0:1","rid":"noRequestId","status":500,"cache":"-","time":506,"method":"POST","uri":"/api/todos"}
{"ts":"2019-03-03 20:34:45.078+0300","ip":"0:0:0:0:0:0:0:1","rid":"noRequestId","status":200,"cache":"-","time":30,"method":"GET","uri":"/api/todos"}
{"ts":"2019-03-03 20:37:33.212+0300","ip":"0:0:0:0:0:0:0:1","rid":"noRequestId","status":500,"cache":"-","time":44,"method":"POST","uri":"/api/todos"}
{"ts":"2019-03-03 20:42:33.183+0300","ip":"0:0:0:0:0:0:0:1","rid":"noRequestId","status":500,"cache":"-","time":898,"method":"POST","uri":"/api/todos"}
{"ts":"2019-03-03 20:42:47.220+0300","ip":"0:0:0:0:0:0:0:1","rid":"noRequestId","status":500,"cache":"-","time":389,"method":"GET","uri":"/api/todos"}
{"ts":"2019-03-03 20:48:00.012+0300","ip":"0:0:0:0:0:0:0:1","rid":"noRequestId","status":500,"cache":"-","time":96,"method":"GET","uri":"/api/todos"}
{"ts":"2019-03-03 20:50:21.753+0300","ip":"0:0:0:0:0:0:0:1","rid":"noRequestId","status":500,"cache":"-","time":26,"method":"GET","uri":"/api/todos"}
{"ts":"2019-03-05 01:10:01.864+0300","ip":"0:0:0:0:0:0:0:1","rid":"noRequestId","status":200,"cache":"-","time":814,"method":"POST","uri":"/api/todos"}
{"ts":"2019-03-05 01:10:15.124+0300","ip":"0:0:0:0:0:0:0:1","rid":"noRequestId","status":200,"cache":"-","time":524,"method":"GET","uri":"/api/todos"}
{"ts":"2019-03-05 01:10:36.401+0300","ip":"0:0:0:0:0:0:0:1","rid":"noRequestId","status":200,"cache":"-","time":44,"method":"POST","uri":"/api/todos"}
{"ts":"2019-03-05 01:10:39.858+0300","ip":"0:0:0:0:0:0:0:1","rid":"noRequestId","status":200,"cache":"-","time":37,"method":"GET","uri":"/api/todos"}
{"ts":"2019-03-05 01:12:23.024+0300","ip":"0:0:0:0:0:0:0:1","rid":"noRequestId","status":200,"cache":"-","time":35,"method":"GET","uri":"/api/todos"}
{"ts":"2019-03-05 01:32:13.521+0300","ip":"0:0:0:0:0:0:0:1","rid":"noRequestId","status":500,"cache":"-","time":918,"method":"GET","uri":"/api/todos"}
{"ts":"2019-03-05 01:32:26.801+0300","ip":"0:0:0:0:0:0:0:1","rid":"noRequestId","status":500,"cache":"-","time":266,"method":"POST","uri":"/api/todos"}
{"ts":"2019-03-05 01:34:36.835+0300","ip":"0:0:0:0:0:0:0:1","rid":"noRequestId","status":200,"cache":"-","time":654,"method":"POST","uri":"/api/todos"}
{"ts":"2019-03-05 01:34:41.358+0300","ip":"0:0:0:0:0:0:0:1","rid":"noRequestId","status":200,"cache":"-","time":571,"method":"GET","uri":"/api/todos"}
{"ts":"2019-03-05 01:34:46.093+0300","ip":"0:0:0:0:0:0:0:1","rid":"noRequestId","status":200,"cache":"-","time":64,"method":"POST","uri":"/api/todos"}
{"ts":"2019-03-05 01:34:51.513+0300","ip":"0:0:0:0:0:0:0:1","rid":"noRequestId","status":200,"cache":"-","time":53,"method":"GET","uri":"/api/todos"}
{"ts":"2019-03-05 01:36:50.649+0300","ip":"0:0:0:0:0:0:0:1","rid":"noRequestId","status":400,"cache":"-","time":64,"method":"GET","uri":"/api/todos/1"}
{"ts":"2019-03-05 01:37:09.008+0300","ip":"0:0:0:0:0:0:0:1","rid":"noRequestId","status":400,"cache":"-","time":37,"method":"GET","uri":"/api/todos/1"}
{"ts":"2019-03-05 01:40:26.609+0300","ip":"0:0:0:0:0:0:0:1","rid":"noRequestId","status":200,"cache":"-","time":768,"method":"GET","uri":"/api/todos/"}
{"ts":"2019-03-05 01:40:33.847+0300","ip":"0:0:0:0:0:0:0:1","rid":"noRequestId","status":400,"cache":"-","time":167,"method":"GET","uri":"/api/todos/1"}
{"ts":"2019-03-05 01:40:57.230+0300","ip":"0:0:0:0:0:0:0:1","rid":"noRequestId","status":200,"cache":"-","time":179,"method":"POST","uri":"/api/todos"}
{"ts":"2019-03-05 01:41:12.732+0300","ip":"0:0:0:0:0:0:0:1","rid":"noRequestId","status":400,"cache":"-","time":34,"method":"GET","uri":"/api/todos/1"}
{"ts":"2019-03-05 01:41:17.595+0300","ip":"0:0:0:0:0:0:0:1","rid":"noRequestId","status":200,"cache":"-","time":32,"method":"GET","uri":"/api/todos/"}
{"ts":"2019-03-05 01:59:30.123+0300","ip":"0:0:0:0:0:0:0:1","rid":"noRequestId","status":200,"cache":"-","time":687,"method":"GET","uri":"/api/todos/"}
{"ts":"2019-03-05 01:59:32.826+0300","ip":"0:0:0:0:0:0:0:1","rid":"noRequestId","status":200,"cache":"-","time":62,"method":"GET","uri":"/api/todos/"}
{"ts":"2019-03-05 01:59:39.235+0300","ip":"0:0:0:0:0:0:0:1","rid":"noRequestId","status":200,"cache":"-","time":114,"method":"GET","uri":"/api/todos/1"}
{"ts":"2019-03-05 01:59:45.123+0300","ip":"0:0:0:0:0:0:0:1","rid":"noRequestId","status":200,"cache":"-","time":43,"method":"GET","uri":"/api/todos/2"}
{"ts":"2019-03-05 01:59:49.273+0300","ip":"0:0:0:0:0:0:0:1","rid":"noRequestId","status":400,"cache":"-","time":78,"method":"GET","uri":"/api/todos/4"}
{"ts":"2019-03-05 02:00:28.961+0300","ip":"0:0:0:0:0:0:0:1","rid":"noRequestId","status":200,"cache":"-","time":61,"method":"DELETE","uri":"/api/todos/2"}
{"ts":"2019-03-05 02:00:40.034+0300","ip":"0:0:0:0:0:0:0:1","rid":"noRequestId","status":200,"cache":"-","time":33,"method":"GET","uri":"/api/todos/"}
{"ts":"2019-03-05 02:00:59.368+0300","ip":"0:0:0:0:0:0:0:1","rid":"noRequestId","status":500,"cache":"-","time":130,"method":"PUT","uri":"/api/todos/1"}
{"ts":"2019-03-05 02:07:38.949+0300","ip":"0:0:0:0:0:0:0:1","rid":"noRequestId","status":200,"cache":"-","time":886,"method":"GET","uri":"/api/todos/"}
{"ts":"2019-03-05 02:07:47.492+0300","ip":"0:0:0:0:0:0:0:1","rid":"noRequestId","status":200,"cache":"-","time":97,"method":"DELETE","uri":"/api/todos/3"}
{"ts":"2019-03-05 02:08:01.961+0300","ip":"0:0:0:0:0:0:0:1","rid":"noRequestId","status":200,"cache":"-","time":51,"method":"GET","uri":"/api/todos/"}
{"ts":"2019-03-05 02:08:06.537+0300","ip":"0:0:0:0:0:0:0:1","rid":"noRequestId","status":200,"cache":"-","time":207,"method":"PUT","uri":"/api/todos/1"}
{"ts":"2019-03-05 02:08:10.494+0300","ip":"0:0:0:0:0:0:0:1","rid":"noRequestId","status":200,"cache":"-","time":33,"method":"GET","uri":"/api/todos/"}
{"ts":"2019-03-05 02:08:15.933+0300","ip":"0:0:0:0:0:0:0:1","rid":"noRequestId","status":200,"cache":"-","time":77,"method":"POST","uri":"/api/todos"}
{"ts":"2019-03-05 02:08:18.975+0300","ip":"0:0:0:0:0:0:0:1","rid":"noRequestId","status":200,"cache":"-","time":32,"method":"GET","uri":"/api/todos/"}
{"ts":"2019-03-05 02:10:18.273+0300","ip":"0:0:0:0:0:0:0:1","rid":"noRequestId","status":200,"cache":"-","time":718,"method":"GET","uri":"/api/todos/"}
{"ts":"2019-03-05 02:10:24.880+0300","ip":"0:0:0:0:0:0:0:1","rid":"noRequestId","status":400,"cache":"-","time":163,"method":"DELETE","uri":"/api/todos/3"}
{"ts":"2019-03-05 02:10:44.217+0300","ip":"0:0:0:0:0:0:0:1","rid":"noRequestId","status":400,"cache":"-","time":41,"method":"DELETE","uri":"/api/todos/3"}
{"ts":"2019-03-05 02:10:57.653+0300","ip":"0:0:0:0:0:0:0:1","rid":"noRequestId","status":400,"cache":"-","time":40,"method":"DELETE","uri":"/api/todos/3"}
{"ts":"2019-03-05 02:12:44.486+0300","ip":"0:0:0:0:0:0:0:1","rid":"noRequestId","status":400,"cache":"-","time":374,"method":"DELETE","uri":"/api/todos/3"}
{"ts":"2019-03-05 02:12:53.107+0300","ip":"0:0:0:0:0:0:0:1","rid":"noRequestId","status":200,"cache":"-","time":536,"method":"GET","uri":"/api/todos/"}
{"ts":"2019-03-05 02:13:02.169+0300","ip":"0:0:0:0:0:0:0:1","rid":"noRequestId","status":200,"cache":"-","time":136,"method":"DELETE","uri":"/api/todos/1"}
{"ts":"2019-03-05 02:13:10.698+0300","ip":"0:0:0:0:0:0:0:1","rid":"noRequestId","status":200,"cache":"-","time":46,"method":"GET","uri":"/api/todos/"}
{"ts":"2019-03-05 02:13:14.850+0300","ip":"0:0:0:0:0:0:0:1","rid":"noRequestId","status":400,"cache":"-","time":135,"method":"PUT","uri":"/api/todos/1"}
{"ts":"2019-03-05 02:13:25.372+0300","ip":"0:0:0:0:0:0:0:1","rid":"noRequestId","status":400,"cache":"-","time":54,"method":"DELETE","uri":"/api/todos/1"}
{"ts":"2019-03-05 02:13:31.801+0300","ip":"0:0:0:0:0:0:0:1","rid":"noRequestId","status":400,"cache":"-","time":43,"method":"PUT","uri":"/api/todos/1"}
{"ts":"2019-03-05 02:13:37.898+0300","ip":"0:0:0:0:0:0:0:1","rid":"noRequestId","status":200,"cache":"-","time":87,"method":"PUT","uri":"/api/todos/4"}
{"ts":"2019-03-05 02:13:44.332+0300","ip":"0:0:0:0:0:0:0:1","rid":"noRequestId","status":200,"cache":"-","time":29,"method":"GET","uri":"/api/todos/"}
{"ts":"2019-03-05 02:13:49.477+0300","ip":"0:0:0:0:0:0:0:1","rid":"noRequestId","status":200,"cache":"-","time":61,"method":"PUT","uri":"/api/todos/4"}
{"ts":"2019-03-05 02:13:58.542+0300","ip":"0:0:0:0:0:0:0:1","rid":"noRequestId","status":400,"cache":"-","time":53,"method":"PUT","uri":"/api/todos/5"}
{"ts":"2019-03-05 02:15:02.426+0300","ip":"0:0:0:0:0:0:0:1","rid":"noRequestId","status":400,"cache":"-","time":636,"method":"PUT","uri":"/api/todos/5"}
{"ts":"2019-03-05 02:15:21.983+0300","ip":"0:0:0:0:0:0:0:1","rid":"noRequestId","status":200,"cache":"-","time":175,"method":"POST","uri":"/api/todos"}
{"ts":"2019-03-05 02:15:30.617+0300","ip":"0:0:0:0:0:0:0:1","rid":"noRequestId","status":200,"cache":"-","time":390,"method":"GET","uri":"/api/todos/"}
{"ts":"2019-03-05 02:24:54.436+0300","ip":"0:0:0:0:0:0:0:1","rid":"noRequestId","status":200,"cache":"-","time":1129,"method":"GET","uri":"/api/todos/"}
{"ts":"2019-03-05 02:29:04.024+0300","ip":"0:0:0:0:0:0:0:1","rid":"noRequestId","status":200,"cache":"-","time":802,"method":"GET","uri":"/api/todos/"}
